{"/Users/naoyuki/Library/Mobile Documents/com~apple~CloudDocs/专业课/Master's/Sample Firebase/Backend/src/controllers/auth.js": {"path":"/Users/naoyuki/Library/Mobile Documents/com~apple~CloudDocs/专业课/Master's/Sample Firebase/Backend/src/controllers/auth.js","all":false,"statementMap":{"0":{"start":{"line":1,"column":0},"end":{"line":1,"column":49}},"1":{"start":{"line":2,"column":0},"end":{"line":2,"column":54}},"2":{"start":{"line":3,"column":0},"end":{"line":3,"column":0}},"3":{"start":{"line":4,"column":0},"end":{"line":4,"column":46}},"4":{"start":{"line":5,"column":0},"end":{"line":5,"column":41}},"5":{"start":{"line":6,"column":0},"end":{"line":6,"column":30}},"6":{"start":{"line":7,"column":0},"end":{"line":7,"column":24}},"7":{"start":{"line":8,"column":0},"end":{"line":8,"column":66}},"8":{"start":{"line":9,"column":0},"end":{"line":9,"column":15}},"9":{"start":{"line":10,"column":0},"end":{"line":10,"column":5}},"10":{"start":{"line":11,"column":0},"end":{"line":11,"column":49}},"11":{"start":{"line":12,"column":0},"end":{"line":12,"column":18}},"12":{"start":{"line":13,"column":0},"end":{"line":13,"column":29}},"13":{"start":{"line":14,"column":0},"end":{"line":14,"column":50}},"14":{"start":{"line":15,"column":0},"end":{"line":15,"column":15}},"15":{"start":{"line":16,"column":0},"end":{"line":16,"column":5}},"16":{"start":{"line":17,"column":0},"end":{"line":17,"column":63}},"17":{"start":{"line":18,"column":0},"end":{"line":18,"column":18}},"18":{"start":{"line":19,"column":0},"end":{"line":19,"column":34}},"19":{"start":{"line":20,"column":0},"end":{"line":20,"column":9}},"20":{"start":{"line":21,"column":0},"end":{"line":21,"column":28}},"21":{"start":{"line":22,"column":0},"end":{"line":22,"column":54}},"22":{"start":{"line":23,"column":0},"end":{"line":23,"column":9}},"23":{"start":{"line":24,"column":0},"end":{"line":24,"column":12}},"24":{"start":{"line":25,"column":0},"end":{"line":25,"column":24}},"25":{"start":{"line":26,"column":0},"end":{"line":26,"column":44}},"26":{"start":{"line":27,"column":0},"end":{"line":27,"column":5}},"27":{"start":{"line":28,"column":0},"end":{"line":28,"column":1}},"28":{"start":{"line":29,"column":0},"end":{"line":29,"column":0}},"29":{"start":{"line":30,"column":0},"end":{"line":30,"column":40}}},"s":{"0":1,"1":1,"2":1,"3":3,"4":3,"5":3,"6":1,"7":1,"8":1,"9":1,"10":2,"11":3,"12":0,"13":0,"14":0,"15":0,"16":2,"17":3,"18":1,"19":1,"20":1,"21":1,"22":1,"23":1,"24":1,"25":1,"26":1,"27":3,"28":1,"29":1},"branchMap":{"0":{"type":"branch","line":4,"loc":{"start":{"line":4,"column":0},"end":{"line":28,"column":1}},"locations":[{"start":{"line":4,"column":0},"end":{"line":28,"column":1}}]},"1":{"type":"branch","line":6,"loc":{"start":{"line":6,"column":14},"end":{"line":6,"column":27}},"locations":[{"start":{"line":6,"column":14},"end":{"line":6,"column":27}}]},"2":{"type":"branch","line":6,"loc":{"start":{"line":6,"column":29},"end":{"line":10,"column":5}},"locations":[{"start":{"line":6,"column":29},"end":{"line":10,"column":5}}]},"3":{"type":"branch","line":10,"loc":{"start":{"line":10,"column":4},"end":{"line":12,"column":17}},"locations":[{"start":{"line":10,"column":4},"end":{"line":12,"column":17}}]},"4":{"type":"branch","line":12,"loc":{"start":{"line":12,"column":17},"end":{"line":16,"column":5}},"locations":[{"start":{"line":12,"column":17},"end":{"line":16,"column":5}}]},"5":{"type":"branch","line":16,"loc":{"start":{"line":16,"column":4},"end":{"line":18,"column":17}},"locations":[{"start":{"line":16,"column":4},"end":{"line":18,"column":17}}]},"6":{"type":"branch","line":18,"loc":{"start":{"line":18,"column":17},"end":{"line":27,"column":5}},"locations":[{"start":{"line":18,"column":17},"end":{"line":27,"column":5}}]}},"b":{"0":[3],"1":[2],"2":[1],"3":[2],"4":[0],"5":[2],"6":[1]},"fnMap":{"0":{"name":"authLoginController","decl":{"start":{"line":4,"column":0},"end":{"line":28,"column":1}},"loc":{"start":{"line":4,"column":0},"end":{"line":28,"column":1}},"line":4}},"f":{"0":3}}
,"/Users/naoyuki/Library/Mobile Documents/com~apple~CloudDocs/专业课/Master's/Sample Firebase/Backend/src/database/schemas/User.js": {"path":"/Users/naoyuki/Library/Mobile Documents/com~apple~CloudDocs/专业课/Master's/Sample Firebase/Backend/src/database/schemas/User.js","all":false,"statementMap":{"0":{"start":{"line":1,"column":0},"end":{"line":1,"column":36}},"1":{"start":{"line":2,"column":0},"end":{"line":2,"column":0}},"2":{"start":{"line":3,"column":0},"end":{"line":3,"column":40}},"3":{"start":{"line":4,"column":0},"end":{"line":4,"column":15}},"4":{"start":{"line":5,"column":0},"end":{"line":5,"column":42}},"5":{"start":{"line":6,"column":0},"end":{"line":6,"column":23}},"6":{"start":{"line":7,"column":0},"end":{"line":7,"column":6}},"7":{"start":{"line":8,"column":0},"end":{"line":8,"column":12}},"8":{"start":{"line":9,"column":0},"end":{"line":9,"column":42}},"9":{"start":{"line":10,"column":0},"end":{"line":10,"column":23}},"10":{"start":{"line":11,"column":0},"end":{"line":11,"column":21}},"11":{"start":{"line":12,"column":0},"end":{"line":12,"column":6}},"12":{"start":{"line":13,"column":0},"end":{"line":13,"column":16}},"13":{"start":{"line":14,"column":0},"end":{"line":14,"column":40}},"14":{"start":{"line":15,"column":0},"end":{"line":15,"column":23}},"15":{"start":{"line":16,"column":0},"end":{"line":16,"column":28}},"16":{"start":{"line":17,"column":0},"end":{"line":17,"column":6}},"17":{"start":{"line":18,"column":0},"end":{"line":18,"column":2}},"18":{"start":{"line":19,"column":0},"end":{"line":19,"column":0}},"19":{"start":{"line":20,"column":0},"end":{"line":20,"column":53}}},"s":{"0":1,"1":1,"2":1,"3":1,"4":1,"5":1,"6":1,"7":1,"8":1,"9":1,"10":1,"11":1,"12":1,"13":1,"14":1,"15":1,"16":1,"17":1,"18":1,"19":1},"branchMap":{},"b":{},"fnMap":{},"f":{}}
}
